{
  "stats": {
    "suites": 1,
    "tests": 3,
    "passes": 3,
    "pending": 0,
    "failures": 0,
    "start": "2025-07-20T15:22:26.578Z",
    "end": "2025-07-20T15:22:37.685Z",
    "duration": 11107,
    "testsRegistered": 3,
    "passPercent": 100,
    "pendingPercent": 0,
    "other": 0,
    "hasOther": false,
    "skipped": 0,
    "hasSkipped": false
  },
  "results": [
    {
      "uuid": "fdc8ec17-6716-435c-8d0b-9908d7581411",
      "title": "",
      "fullFile": "cypress\\e2e\\integration-test.cy.js",
      "file": "cypress\\e2e\\integration-test.cy.js",
      "beforeHooks": [],
      "afterHooks": [],
      "tests": [],
      "suites": [
        {
          "uuid": "25efca10-e086-42af-8f8b-a6b2287ca73b",
          "title": "Therapy Companion Integration Tests",
          "fullFile": "",
          "file": "",
          "beforeHooks": [],
          "afterHooks": [],
          "tests": [
            {
              "title": "should navigate from homepage to login",
              "fullTitle": "Therapy Companion Integration Tests should navigate from homepage to login",
              "timedOut": null,
              "duration": 1321,
              "state": "passed",
              "speed": "fast",
              "pass": true,
              "fail": false,
              "pending": false,
              "context": null,
              "code": "// Start at homepage\ncy.visit('https://therapy-companion.onrender.com');\n// Click Get Started to go to login\ncy.contains('a', 'Get Started').click();\n// Verify we're on login page\ncy.url().should('include', '/login.html');",
              "err": {},
              "uuid": "c8eb9296-121e-41b6-af98-f7c2c348f10b",
              "parentUUID": "25efca10-e086-42af-8f8b-a6b2287ca73b",
              "isHook": false,
              "skipped": false
            },
            {
              "title": "should login successfully",
              "fullTitle": "Therapy Companion Integration Tests should login successfully",
              "timedOut": null,
              "duration": 4389,
              "state": "passed",
              "speed": "fast",
              "pass": true,
              "fail": false,
              "pending": false,
              "context": null,
              "code": "// Go directly to login\ncy.visit('https://therapy-companion.onrender.com/login.html');\n// Use specific IDs for login form\ncy.get('#loginEmail').clear().type(credentials.email);\ncy.get('#loginPassword').clear().type(credentials.password);\n// Click the correct login button\ncy.get('button[type=\"submit\"]').contains('Login').click();\n// Verify successful login\ncy.url().should('not.include', '/login.html', {\n  timeout: 10000\n});\n// Add assertions for dashboard elements\n// cy.contains('Dashboard').should('be.visible')\n// cy.contains('Welcome').should('be.visible')",
              "err": {},
              "uuid": "38886b54-fc3c-4b40-a325-447c95fe3c66",
              "parentUUID": "25efca10-e086-42af-8f8b-a6b2287ca73b",
              "isHook": false,
              "skipped": false
            },
            {
              "title": "should complete full user flow",
              "fullTitle": "Therapy Companion Integration Tests should complete full user flow",
              "timedOut": null,
              "duration": 5334,
              "state": "passed",
              "speed": "medium",
              "pass": true,
              "fail": false,
              "pending": false,
              "context": null,
              "code": "// Homepage -> Login -> Dashboard\ncy.visit('https://therapy-companion.onrender.com');\ncy.contains('a', 'Get Started').click();\n// Login\ncy.get('#loginEmail').type(credentials.email);\ncy.get('#loginPassword').type(credentials.password);\ncy.get('button[type=\"submit\"]').contains('Login').click();\n// Verify we reached dashboard\ncy.url().should('not.include', '/login.html');\n// Add more integration tests here\n// e.g., navigate to different sections, test features",
              "err": {},
              "uuid": "339676fb-ed3d-41f0-99de-8754f6e1f95b",
              "parentUUID": "25efca10-e086-42af-8f8b-a6b2287ca73b",
              "isHook": false,
              "skipped": false
            }
          ],
          "suites": [],
          "passes": [
            "c8eb9296-121e-41b6-af98-f7c2c348f10b",
            "38886b54-fc3c-4b40-a325-447c95fe3c66",
            "339676fb-ed3d-41f0-99de-8754f6e1f95b"
          ],
          "failures": [],
          "pending": [],
          "skipped": [],
          "duration": 11044,
          "root": false,
          "rootEmpty": false,
          "_timeout": 2000
        }
      ],
      "passes": [],
      "failures": [],
      "pending": [],
      "skipped": [],
      "duration": 0,
      "root": true,
      "rootEmpty": true,
      "_timeout": 2000
    }
  ],
  "meta": {
    "mocha": {
      "version": "7.2.0"
    },
    "mochawesome": {
      "options": {
        "quiet": false,
        "reportFilename": "mochawesome",
        "saveHtml": true,
        "saveJson": true,
        "consoleReporter": "spec",
        "useInlineDiffs": false,
        "code": true
      },
      "version": "7.1.3"
    },
    "marge": {
      "options": {
        "reportDir": "cypress/results",
        "overwrite": false,
        "html": true,
        "json": true
      },
      "version": "6.2.0"
    }
  }
}