{
  "stats": {
    "suites": 1,
    "tests": 3,
    "passes": 3,
    "pending": 0,
    "failures": 0,
    "start": "2025-07-20T15:29:09.083Z",
    "end": "2025-07-20T15:29:20.299Z",
    "duration": 11216,
    "testsRegistered": 3,
    "passPercent": 100,
    "pendingPercent": 0,
    "other": 0,
    "hasOther": false,
    "skipped": 0,
    "hasSkipped": false
  },
  "results": [
    {
      "uuid": "68e9d205-989e-427f-943e-0eec6432903c",
      "title": "",
      "fullFile": "cypress\\e2e\\integration-test.cy.js",
      "file": "cypress\\e2e\\integration-test.cy.js",
      "beforeHooks": [],
      "afterHooks": [],
      "tests": [],
      "suites": [
        {
          "uuid": "a412196b-9fe6-4bc6-a400-ff38ddfaca6a",
          "title": "Therapy Companion Integration Tests",
          "fullFile": "",
          "file": "",
          "beforeHooks": [],
          "afterHooks": [],
          "tests": [
            {
              "title": "should navigate from homepage to login",
              "fullTitle": "Therapy Companion Integration Tests should navigate from homepage to login",
              "timedOut": null,
              "duration": 1350,
              "state": "passed",
              "speed": "fast",
              "pass": true,
              "fail": false,
              "pending": false,
              "context": null,
              "code": "// Start at homepage\ncy.visit('https://therapy-companion.onrender.com');\n// Click Get Started to go to login\ncy.contains('a', 'Get Started').click();\n// Verify we're on login page\ncy.url().should('include', '/login.html');",
              "err": {},
              "uuid": "e0fc454f-23c9-4b46-8eea-dad8c1d00b0b",
              "parentUUID": "a412196b-9fe6-4bc6-a400-ff38ddfaca6a",
              "isHook": false,
              "skipped": false
            },
            {
              "title": "should login successfully",
              "fullTitle": "Therapy Companion Integration Tests should login successfully",
              "timedOut": null,
              "duration": 4130,
              "state": "passed",
              "speed": "fast",
              "pass": true,
              "fail": false,
              "pending": false,
              "context": null,
              "code": "// Go directly to login\ncy.visit('https://therapy-companion.onrender.com/login.html');\n// Use specific IDs for login form\ncy.get('#loginEmail').clear().type(credentials.email);\ncy.get('#loginPassword').clear().type(credentials.password);\n// Click the correct login button\ncy.get('button[type=\"submit\"]').contains('Login').click();\n// Verify successful login\ncy.url().should('not.include', '/login.html', {\n  timeout: 10000\n});\n// Add assertions for dashboard elements\n// cy.contains('Dashboard').should('be.visible')\n// cy.contains('Welcome').should('be.visible')",
              "err": {},
              "uuid": "7ef4d5b1-4411-46f7-9519-a0d08a385ffc",
              "parentUUID": "a412196b-9fe6-4bc6-a400-ff38ddfaca6a",
              "isHook": false,
              "skipped": false
            },
            {
              "title": "should complete full user flow",
              "fullTitle": "Therapy Companion Integration Tests should complete full user flow",
              "timedOut": null,
              "duration": 5662,
              "state": "passed",
              "speed": "medium",
              "pass": true,
              "fail": false,
              "pending": false,
              "context": null,
              "code": "// Homepage -> Login -> Dashboard\ncy.visit('https://therapy-companion.onrender.com');\ncy.contains('a', 'Get Started').click();\n// Login\ncy.get('#loginEmail').type(credentials.email);\ncy.get('#loginPassword').type(credentials.password);\ncy.get('button[type=\"submit\"]').contains('Login').click();\n// Verify we reached dashboard\ncy.url().should('not.include', '/login.html');\n// Add more integration tests here\n// e.g., navigate to different sections, test features",
              "err": {},
              "uuid": "d9690517-148f-4a20-abf2-4c394906ffe6",
              "parentUUID": "a412196b-9fe6-4bc6-a400-ff38ddfaca6a",
              "isHook": false,
              "skipped": false
            }
          ],
          "suites": [],
          "passes": [
            "e0fc454f-23c9-4b46-8eea-dad8c1d00b0b",
            "7ef4d5b1-4411-46f7-9519-a0d08a385ffc",
            "d9690517-148f-4a20-abf2-4c394906ffe6"
          ],
          "failures": [],
          "pending": [],
          "skipped": [],
          "duration": 11142,
          "root": false,
          "rootEmpty": false,
          "_timeout": 2000
        }
      ],
      "passes": [],
      "failures": [],
      "pending": [],
      "skipped": [],
      "duration": 0,
      "root": true,
      "rootEmpty": true,
      "_timeout": 2000
    }
  ],
  "meta": {
    "mocha": {
      "version": "7.2.0"
    },
    "mochawesome": {
      "options": {
        "quiet": false,
        "reportFilename": "mochawesome",
        "saveHtml": true,
        "saveJson": true,
        "consoleReporter": "spec",
        "useInlineDiffs": false,
        "code": true
      },
      "version": "7.1.3"
    },
    "marge": {
      "options": {
        "reportDir": "cypress/results",
        "overwrite": false,
        "html": true,
        "json": true
      },
      "version": "6.2.0"
    }
  }
}