{
  "stats": {
    "suites": 1,
    "tests": 3,
    "passes": 3,
    "pending": 0,
    "failures": 0,
    "start": "2025-07-20T15:20:20.234Z",
    "end": "2025-07-20T15:20:31.948Z",
    "duration": 11714,
    "testsRegistered": 3,
    "passPercent": 100,
    "pendingPercent": 0,
    "other": 0,
    "hasOther": false,
    "skipped": 0,
    "hasSkipped": false
  },
  "results": [
    {
      "uuid": "e9bdf906-37e6-4f39-8bc6-b7dea668e00b",
      "title": "",
      "fullFile": "cypress\\e2e\\integration-test.cy.js",
      "file": "cypress\\e2e\\integration-test.cy.js",
      "beforeHooks": [],
      "afterHooks": [],
      "tests": [],
      "suites": [
        {
          "uuid": "d738ede1-6f96-4ad7-b3c6-80ba0c7a9060",
          "title": "Therapy Companion Integration Tests",
          "fullFile": "",
          "file": "",
          "beforeHooks": [],
          "afterHooks": [],
          "tests": [
            {
              "title": "should navigate from homepage to login",
              "fullTitle": "Therapy Companion Integration Tests should navigate from homepage to login",
              "timedOut": null,
              "duration": 2179,
              "state": "passed",
              "speed": "fast",
              "pass": true,
              "fail": false,
              "pending": false,
              "context": null,
              "code": "// Start at homepage\ncy.visit('https://therapy-companion.onrender.com');\n// Click Get Started to go to login\ncy.contains('a', 'Get Started').click();\n// Verify we're on login page\ncy.url().should('include', '/login.html');",
              "err": {},
              "uuid": "7ab02fed-7f54-4389-8a27-fae669ebc1c1",
              "parentUUID": "d738ede1-6f96-4ad7-b3c6-80ba0c7a9060",
              "isHook": false,
              "skipped": false
            },
            {
              "title": "should login successfully",
              "fullTitle": "Therapy Companion Integration Tests should login successfully",
              "timedOut": null,
              "duration": 4646,
              "state": "passed",
              "speed": "fast",
              "pass": true,
              "fail": false,
              "pending": false,
              "context": null,
              "code": "// Go directly to login\ncy.visit('https://therapy-companion.onrender.com/login.html');\n// Use specific IDs for login form\ncy.get('#loginEmail').clear().type(credentials.email);\ncy.get('#loginPassword').clear().type(credentials.password);\n// Click the correct login button\ncy.get('button[type=\"submit\"]').contains('Login').click();\n// Verify successful login\ncy.url().should('not.include', '/login.html', {\n  timeout: 10000\n});\n// Add assertions for dashboard elements\n// cy.contains('Dashboard').should('be.visible')\n// cy.contains('Welcome').should('be.visible')",
              "err": {},
              "uuid": "d9dd94c6-b6fd-483d-bd7f-e27e8dd872d1",
              "parentUUID": "d738ede1-6f96-4ad7-b3c6-80ba0c7a9060",
              "isHook": false,
              "skipped": false
            },
            {
              "title": "should complete full user flow",
              "fullTitle": "Therapy Companion Integration Tests should complete full user flow",
              "timedOut": null,
              "duration": 4801,
              "state": "passed",
              "speed": "fast",
              "pass": true,
              "fail": false,
              "pending": false,
              "context": null,
              "code": "// Homepage -> Login -> Dashboard\ncy.visit('https://therapy-companion.onrender.com');\ncy.contains('a', 'Get Started').click();\n// Login\ncy.get('#loginEmail').type(credentials.email);\ncy.get('#loginPassword').type(credentials.password);\ncy.get('button[type=\"submit\"]').contains('Login').click();\n// Verify we reached dashboard\ncy.url().should('not.include', '/login.html');\n// Add more integration tests here\n// e.g., navigate to different sections, test features",
              "err": {},
              "uuid": "53b78895-948f-4766-9cf1-9aa623242b6d",
              "parentUUID": "d738ede1-6f96-4ad7-b3c6-80ba0c7a9060",
              "isHook": false,
              "skipped": false
            }
          ],
          "suites": [],
          "passes": [
            "7ab02fed-7f54-4389-8a27-fae669ebc1c1",
            "d9dd94c6-b6fd-483d-bd7f-e27e8dd872d1",
            "53b78895-948f-4766-9cf1-9aa623242b6d"
          ],
          "failures": [],
          "pending": [],
          "skipped": [],
          "duration": 11626,
          "root": false,
          "rootEmpty": false,
          "_timeout": 2000
        }
      ],
      "passes": [],
      "failures": [],
      "pending": [],
      "skipped": [],
      "duration": 0,
      "root": true,
      "rootEmpty": true,
      "_timeout": 2000
    }
  ],
  "meta": {
    "mocha": {
      "version": "7.2.0"
    },
    "mochawesome": {
      "options": {
        "quiet": false,
        "reportFilename": "mochawesome",
        "saveHtml": true,
        "saveJson": true,
        "consoleReporter": "spec",
        "useInlineDiffs": false,
        "code": true
      },
      "version": "7.1.3"
    },
    "marge": {
      "options": {
        "reportDir": "cypress/results",
        "overwrite": false,
        "html": true,
        "json": true
      },
      "version": "6.2.0"
    }
  }
}